<?xml version="1.0" encoding="UTF-8"?>
<!-- Generated by org.testng.reporters.JUnitReportReporter -->
<testsuite hostname="Laxminarayan-s-MacBook-Pro.local" name="com.shaanstraining.ui.pages.HomePageTest" tests="1" failures="0" timestamp="3 Nov 2019 04:35:04 GMT" time="4.685" errors="0">
  <testcase name="search" time="4.685" classname="com.shaanstraining.ui.pages.HomePageTest"/>
</testsuite> <!-- com.shaanstraining.ui.pages.HomePageTest -->
