<?xml version="1.0" encoding="UTF-8"?>
<!-- Generated by org.testng.reporters.JUnitReportReporter -->
<testsuite hostname="Laxminarayan-s-MacBook-Pro.local" name="test.HomePageTest" tests="1" failures="0" timestamp="3 Nov 2019 05:07:30 GMT" time="6.546" errors="0">
  <testcase name="search" time="6.546" classname="test.HomePageTest"/>
</testsuite> <!-- test.HomePageTest -->
