<?xml version="1.0" encoding="UTF-8"?>
<!-- Generated by org.testng.reporters.JUnitReportReporter -->
<testsuite hostname="Laxminarayan-s-MacBook-Pro.local" name="apis.TranslateAPITest" tests="1" failures="0" timestamp="1 Nov 2019 20:50:57 GMT" time="1.438" errors="0">
  <testcase name="traslateTestNegative" time="1.438" classname="apis.TranslateAPITest"/>
</testsuite> <!-- apis.TranslateAPITest -->
