<?xml version="1.0" encoding="UTF-8"?>
<!-- Generated by org.testng.reporters.JUnitReportReporter -->
<testsuite hostname="Laxminarayan-s-MacBook-Pro.local" name="test.GMailPageTest" tests="3" failures="0" timestamp="2 Nov 2019 03:21:06 GMT" time="52.319" errors="0">
  <testcase name="loginTest" time="19.888" classname="test.GMailPageTest"/>
  <testcase name="loginTest" time="15.599" classname="test.GMailPageTest"/>
  <testcase name="loginTest" time="16.832" classname="test.GMailPageTest"/>
</testsuite> <!-- test.GMailPageTest -->
