<?xml version="1.0" encoding="UTF-8"?>
<!-- Generated by org.testng.reporters.JUnitReportReporter -->
<testsuite hostname="Laxminarayan-s-MacBook-Pro.local" name="test.HomePageTest" tests="1" failures="0" timestamp="1 Nov 2019 04:43:18 GMT" time="3.970" errors="0">
  <testcase name="search" time="3.970" classname="test.HomePageTest"/>
</testsuite> <!-- test.HomePageTest -->
