<?xml version="1.0" encoding="UTF-8"?>
<!-- Generated by org.testng.reporters.JUnitReportReporter -->
<testsuite skipped="0" hostname="Laxminarayan-s-MacBook-Pro.local" name="testNg.TestNGMethodAndClassAnnotations" tests="2" failures="0" timestamp="2019-08-25T19:28:43 IST" time="7.571" errors="0">
  <testcase name="calcTest2" time="3.248" classname="testNg.TestNGMethodAndClassAnnotations"/>
  <testcase name="calcTest" time="4.323" classname="testNg.TestNGMethodAndClassAnnotations"/>
</testsuite> <!-- testNg.TestNGMethodAndClassAnnotations -->
