<?xml version="1.0" encoding="UTF-8"?>
<!-- Generated by org.testng.reporters.JUnitReportReporter -->
<testsuite skipped="0" hostname="Laxminarayan-s-MacBook-Pro.local" name="testNg.TestNgParallelTestDataProvider" tests="2" failures="0" timestamp="2019-08-28T20:49:41 IST" time="18.254" errors="0">
  <testcase name="searchTest" time="9.115" classname="testNg.TestNgParallelTestDataProvider"/>
  <testcase name="searchTest" time="9.139" classname="testNg.TestNgParallelTestDataProvider"/>
</testsuite> <!-- testNg.TestNgParallelTestDataProvider -->
