<?xml version="1.0" encoding="UTF-8"?>
<!-- Generated by org.testng.reporters.JUnitReportReporter -->
<testsuite skipped="0" hostname="Laxminarayan-s-MacBook-Pro.local" name="testNg.TestNGDataprovider" tests="3" failures="0" timestamp="2019-08-25T19:31:27 IST" time="11.247" errors="0">
  <testcase name="calcTest" time="3.795" classname="testNg.TestNGDataprovider"/>
  <testcase name="calcTest" time="4.367" classname="testNg.TestNGDataprovider"/>
  <testcase name="calcTest" time="3.085" classname="testNg.TestNGDataprovider"/>
</testsuite> <!-- testNg.TestNGDataprovider -->
