<?xml version="1.0" encoding="UTF-8"?>
<!-- Generated by org.testng.reporters.JUnitReportReporter -->
<testsuite skipped="0" hostname="Laxminarayan-s-MacBook-Pro.local" name="ScenarioBasedTests.PositiveAndNegativeTest" tests="8" failures="0" timestamp="2019-09-01T11:07:30 IST" time="0.015" errors="0">
  <testcase name="isNumericTest" time="0.008" classname="ScenarioBasedTests.PositiveAndNegativeTest"/>
  <testcase name="isNumericTestinavlidTest" time="0.002" classname="ScenarioBasedTests.PositiveAndNegativeTest"/>
  <testcase name="isNumericTest" time="0.001" classname="ScenarioBasedTests.PositiveAndNegativeTest"/>
  <testcase name="isNumericTestinavlidTest" time="0.000" classname="ScenarioBasedTests.PositiveAndNegativeTest"/>
  <testcase name="isNumericTestinavlidTest" time="0.001" classname="ScenarioBasedTests.PositiveAndNegativeTest"/>
  <testcase name="isNumericTestinavlidTest" time="0.001" classname="ScenarioBasedTests.PositiveAndNegativeTest"/>
  <testcase name="isNumericTestinavlidTest" time="0.001" classname="ScenarioBasedTests.PositiveAndNegativeTest"/>
  <testcase name="isNumericTestinavlidTest" time="0.001" classname="ScenarioBasedTests.PositiveAndNegativeTest"/>
</testsuite> <!-- ScenarioBasedTests.PositiveAndNegativeTest -->
