<?xml version="1.0" encoding="UTF-8"?>
<!-- Generated by org.testng.reporters.JUnitReportReporter -->
<testsuite skipped="0" hostname="Laxminarayan-s-MacBook-Pro.local" name="TestNgBasics.MyTestClass1" tests="2" failures="0" timestamp="2019-08-28T20:14:31 IST" time="0.004" errors="0">
  <testcase name="myTestMethod2" time="0.003" classname="TestNgBasics.MyTestClass1"/>
  <testcase name="myTestMethod1" time="0.001" classname="TestNgBasics.MyTestClass1"/>
</testsuite> <!-- TestNgBasics.MyTestClass1 -->
