<?xml version="1.0" encoding="UTF-8"?>
<!-- Generated by org.testng.reporters.JUnitReportReporter -->
<testsuite skipped="0" hostname="Laxminarayan-s-MacBook-Pro.local" name="testNg.TestNGDemo" tests="1" failures="0" timestamp="2019-08-25T17:59:48 IST" time="8.383" errors="0">
  <testcase name="calcTest" time="8.383" classname="testNg.TestNGDemo"/>
</testsuite> <!-- testNg.TestNGDemo -->
