<?xml version="1.0" encoding="UTF-8"?>
<!-- Generated by org.testng.reporters.JUnitReportReporter -->
<testsuite skipped="0" hostname="Laxminarayan-s-MacBook-Pro.local" name="TestNgBasics.MyTestClass2" tests="4" failures="0" timestamp="2019-08-28T20:14:26 IST" time="0.011" errors="0">
  <testcase name="myTestMethod4" time="0.001" classname="TestNgBasics.MyTestClass2"/>
  <testcase name="myTestMethod4" time="0.002" classname="TestNgBasics.MyTestClass2"/>
  <testcase name="myTestMethod3" time="0.007" classname="TestNgBasics.MyTestClass2"/>
  <testcase name="myTestMethod3" time="0.001" classname="TestNgBasics.MyTestClass2"/>
</testsuite> <!-- TestNgBasics.MyTestClass2 -->
