<?xml version="1.0" encoding="UTF-8"?>
<!-- Generated by org.testng.reporters.JUnitReportReporter -->
<testsuite hostname="Laxminarayan-s-MacBook-Pro.local" name="test.HomePageTest" tests="1" failures="0" timestamp="2 Nov 2019 12:06:09 GMT" time="4.928" errors="0">
  <testcase name="search" time="4.928" classname="test.HomePageTest"/>
</testsuite> <!-- test.HomePageTest -->
